<?xml version="1.0" encoding="UTF-8"?>
<coverage generated="1629317220523" clover="3.2.0">
  <project timestamp="1629317220523" name="All files">
    <metrics statements="61" coveredstatements="20" conditionals="13" coveredconditionals="2" methods="23" coveredmethods="3" elements="97" coveredelements="25" complexity="0" loc="61" ncloc="61" packages="4" files="5" classes="5"/>
    <package name="Components.Pages.HomePage.Components.SearchForm">
      <metrics statements="16" coveredstatements="7" conditionals="0" coveredconditionals="0" methods="8" coveredmethods="2"/>
      <file name="SearchForm.js" path="C:\Users\fv215\Documents\GitHub\rs-react-2021\src\Components\Pages\HomePage\Components\SearchForm\SearchForm.js">
        <metrics statements="16" coveredstatements="7" conditionals="0" coveredconditionals="0" methods="8" coveredmethods="2"/>
        <line num="8" count="1" type="stmt"/>
        <line num="9" count="1" type="stmt"/>
        <line num="11" count="1" type="stmt"/>
        <line num="12" count="0" type="stmt"/>
        <line num="13" count="0" type="stmt"/>
        <line num="16" count="1" type="stmt"/>
        <line num="17" count="0" type="stmt"/>
        <line num="18" count="0" type="stmt"/>
        <line num="19" count="0" type="stmt"/>
        <line num="22" count="1" type="stmt"/>
        <line num="23" count="0" type="stmt"/>
        <line num="30" count="0" type="stmt"/>
        <line num="39" count="1" type="stmt"/>
        <line num="44" count="1" type="stmt"/>
        <line num="45" count="0" type="stmt"/>
        <line num="46" count="0" type="stmt"/>
      </file>
    </package>
    <package name="redux">
      <metrics statements="12" coveredstatements="3" conditionals="11" coveredconditionals="2" methods="1" coveredmethods="1"/>
      <file name="reducer.js" path="C:\Users\fv215\Documents\GitHub\rs-react-2021\src\redux\reducer.js">
        <metrics statements="12" coveredstatements="3" conditionals="11" coveredconditionals="2" methods="1" coveredmethods="1"/>
        <line num="13" count="1" type="stmt"/>
        <line num="28" count="1" type="cond" truecount="1" falsecount="9"/>
        <line num="30" count="0" type="stmt"/>
        <line num="32" count="0" type="stmt"/>
        <line num="34" count="0" type="stmt"/>
        <line num="36" count="0" type="stmt"/>
        <line num="38" count="0" type="stmt"/>
        <line num="40" count="0" type="stmt"/>
        <line num="42" count="0" type="stmt"/>
        <line num="44" count="0" type="stmt"/>
        <line num="50" count="0" type="stmt"/>
        <line num="56" count="1" type="stmt"/>
      </file>
    </package>
    <package name="redux.actions">
      <metrics statements="18" coveredstatements="9" conditionals="0" coveredconditionals="0" methods="9" coveredmethods="0"/>
      <file name="actions.js" path="C:\Users\fv215\Documents\GitHub\rs-react-2021\src\redux\actions\actions.js">
        <metrics statements="9" coveredstatements="0" conditionals="0" coveredconditionals="0" methods="9" coveredmethods="0"/>
        <line num="14" count="0" type="stmt"/>
        <line num="21" count="0" type="stmt"/>
        <line num="28" count="0" type="stmt"/>
        <line num="35" count="0" type="stmt"/>
        <line num="42" count="0" type="stmt"/>
        <line num="49" count="0" type="stmt"/>
        <line num="56" count="0" type="stmt"/>
        <line num="63" count="0" type="stmt"/>
        <line num="70" count="0" type="stmt"/>
      </file>
      <file name="actionsTypes.js" path="C:\Users\fv215\Documents\GitHub\rs-react-2021\src\redux\actions\actionsTypes.js">
        <metrics statements="9" coveredstatements="9" conditionals="0" coveredconditionals="0" methods="0" coveredmethods="0"/>
        <line num="1" count="1" type="stmt"/>
        <line num="2" count="1" type="stmt"/>
        <line num="3" count="1" type="stmt"/>
        <line num="4" count="1" type="stmt"/>
        <line num="5" count="1" type="stmt"/>
        <line num="6" count="1" type="stmt"/>
        <line num="7" count="1" type="stmt"/>
        <line num="8" count="1" type="stmt"/>
        <line num="9" count="1" type="stmt"/>
      </file>
    </package>
    <package name="redux.actions.thunk">
      <metrics statements="15" coveredstatements="1" conditionals="2" coveredconditionals="0" methods="5" coveredmethods="0"/>
      <file name="getAllCharacters.js" path="C:\Users\fv215\Documents\GitHub\rs-react-2021\src\redux\actions\thunk\getAllCharacters.js">
        <metrics statements="15" coveredstatements="1" conditionals="2" coveredconditionals="0" methods="5" coveredmethods="0"/>
        <line num="7" count="1" type="stmt"/>
        <line num="8" count="0" type="stmt"/>
        <line num="9" count="0" type="stmt"/>
        <line num="10" count="0" type="stmt"/>
        <line num="11" count="0" type="stmt"/>
        <line num="12" count="0" type="stmt"/>
        <line num="13" count="0" type="stmt"/>
        <line num="14" count="0" type="stmt"/>
        <line num="22" count="0" type="cond" truecount="0" falsecount="2"/>
        <line num="23" count="0" type="stmt"/>
        <line num="30" count="0" type="stmt"/>
        <line num="33" count="0" type="stmt"/>
        <line num="34" count="0" type="stmt"/>
        <line num="37" count="0" type="stmt"/>
        <line num="38" count="0" type="stmt"/>
      </file>
    </package>
  </project>
</coverage>
