{"C:\\Users\\fv215\\Documents\\GitHub\\rs-react-2021\\src\\Components\\Pages\\HomePage\\Components\\SearchForm\\SearchForm.js": {"path":"C:\\Users\\fv215\\Documents\\GitHub\\rs-react-2021\\src\\Components\\Pages\\HomePage\\Components\\SearchForm\\SearchForm.js","statementMap":{"0":{"start":{"line":8,"column":19},"end":{"line":37,"column":1}},"1":{"start":{"line":9,"column":38},"end":{"line":9,"column":50}},"2":{"start":{"line":11,"column":26},"end":{"line":14,"column":3}},"3":{"start":{"line":12,"column":21},"end":{"line":12,"column":35}},"4":{"start":{"line":13,"column":4},"end":{"line":13,"column":28}},"5":{"start":{"line":16,"column":26},"end":{"line":20,"column":3}},"6":{"start":{"line":17,"column":4},"end":{"line":17,"column":23}},"7":{"start":{"line":18,"column":4},"end":{"line":18,"column":30}},"8":{"start":{"line":19,"column":4},"end":{"line":19,"column":23}},"9":{"start":{"line":22,"column":2},"end":{"line":36,"column":4}},"10":{"start":{"line":23,"column":57},"end":{"line":23,"column":75}},"11":{"start":{"line":30,"column":25},"end":{"line":30,"column":43}},"12":{"start":{"line":39,"column":0},"end":{"line":42,"column":2}},"13":{"start":{"line":44,"column":27},"end":{"line":47,"column":2}},"14":{"start":{"line":44,"column":42},"end":{"line":47,"column":1}},"15":{"start":{"line":45,"column":33},"end":{"line":45,"column":68}},"16":{"start":{"line":46,"column":26},"end":{"line":46,"column":54}}},"fnMap":{"0":{"name":"(anonymous_0)","decl":{"start":{"line":8,"column":19},"end":{"line":8,"column":20}},"loc":{"start":{"line":8,"column":60},"end":{"line":37,"column":1}},"line":8},"1":{"name":"(anonymous_1)","decl":{"start":{"line":11,"column":26},"end":{"line":11,"column":27}},"loc":{"start":{"line":11,"column":33},"end":{"line":14,"column":3}},"line":11},"2":{"name":"(anonymous_2)","decl":{"start":{"line":16,"column":26},"end":{"line":16,"column":27}},"loc":{"start":{"line":16,"column":33},"end":{"line":20,"column":3}},"line":16},"3":{"name":"(anonymous_3)","decl":{"start":{"line":23,"column":50},"end":{"line":23,"column":51}},"loc":{"start":{"line":23,"column":57},"end":{"line":23,"column":75}},"line":23},"4":{"name":"(anonymous_4)","decl":{"start":{"line":30,"column":18},"end":{"line":30,"column":19}},"loc":{"start":{"line":30,"column":25},"end":{"line":30,"column":43}},"line":30},"5":{"name":"(anonymous_5)","decl":{"start":{"line":44,"column":27},"end":{"line":44,"column":28}},"loc":{"start":{"line":44,"column":42},"end":{"line":47,"column":1}},"line":44},"6":{"name":"(anonymous_6)","decl":{"start":{"line":45,"column":17},"end":{"line":45,"column":18}},"loc":{"start":{"line":45,"column":33},"end":{"line":45,"column":68}},"line":45},"7":{"name":"(anonymous_7)","decl":{"start":{"line":46,"column":20},"end":{"line":46,"column":21}},"loc":{"start":{"line":46,"column":26},"end":{"line":46,"column":54}},"line":46}},"branchMap":{},"s":{"0":1,"1":1,"2":1,"3":0,"4":0,"5":1,"6":0,"7":0,"8":0,"9":1,"10":0,"11":0,"12":1,"13":1,"14":1,"15":0,"16":0},"f":{"0":1,"1":0,"2":0,"3":0,"4":0,"5":1,"6":0,"7":0},"b":{},"_coverageSchema":"1a1c01bbd47fc00a2c39e90264f33305004495a9","hash":"1d93d37edeb1fbf6a527f066155fc9c9bc7143fb"}
,"C:\\Users\\fv215\\Documents\\GitHub\\rs-react-2021\\src\\redux\\reducer.js": {"path":"C:\\Users\\fv215\\Documents\\GitHub\\rs-react-2021\\src\\redux\\reducer.js","statementMap":{"0":{"start":{"line":13,"column":21},"end":{"line":25,"column":1}},"1":{"start":{"line":28,"column":2},"end":{"line":57,"column":3}},"2":{"start":{"line":30,"column":6},"end":{"line":30,"column":70}},"3":{"start":{"line":32,"column":6},"end":{"line":32,"column":72}},"4":{"start":{"line":34,"column":6},"end":{"line":34,"column":53}},"5":{"start":{"line":36,"column":6},"end":{"line":36,"column":55}},"6":{"start":{"line":38,"column":6},"end":{"line":38,"column":53}},"7":{"start":{"line":40,"column":6},"end":{"line":40,"column":48}},"8":{"start":{"line":42,"column":6},"end":{"line":42,"column":55}},"9":{"start":{"line":44,"column":6},"end":{"line":48,"column":8}},"10":{"start":{"line":50,"column":6},"end":{"line":54,"column":8}},"11":{"start":{"line":56,"column":6},"end":{"line":56,"column":19}}},"fnMap":{"0":{"name":"reducer","decl":{"start":{"line":27,"column":24},"end":{"line":27,"column":31}},"loc":{"start":{"line":27,"column":62},"end":{"line":58,"column":1}},"line":27}},"branchMap":{"0":{"loc":{"start":{"line":27,"column":32},"end":{"line":27,"column":52}},"type":"default-arg","locations":[{"start":{"line":27,"column":40},"end":{"line":27,"column":52}}],"line":27},"1":{"loc":{"start":{"line":28,"column":2},"end":{"line":57,"column":3}},"type":"switch","locations":[{"start":{"line":29,"column":4},"end":{"line":30,"column":70}},{"start":{"line":31,"column":4},"end":{"line":32,"column":72}},{"start":{"line":33,"column":4},"end":{"line":34,"column":53}},{"start":{"line":35,"column":4},"end":{"line":36,"column":55}},{"start":{"line":37,"column":4},"end":{"line":38,"column":53}},{"start":{"line":39,"column":4},"end":{"line":40,"column":48}},{"start":{"line":41,"column":4},"end":{"line":42,"column":55}},{"start":{"line":43,"column":4},"end":{"line":48,"column":8}},{"start":{"line":49,"column":4},"end":{"line":54,"column":8}},{"start":{"line":55,"column":4},"end":{"line":56,"column":19}}],"line":28}},"s":{"0":1,"1":1,"2":0,"3":0,"4":0,"5":0,"6":0,"7":0,"8":0,"9":0,"10":0,"11":1},"f":{"0":1},"b":{"0":[1],"1":[0,0,0,0,0,0,0,0,0,1]},"_coverageSchema":"1a1c01bbd47fc00a2c39e90264f33305004495a9","hash":"8e79dbe88a58f1c91311a788682f5a71a39c7d49"}
,"C:\\Users\\fv215\\Documents\\GitHub\\rs-react-2021\\src\\redux\\actions\\actions.js": {"path":"C:\\Users\\fv215\\Documents\\GitHub\\rs-react-2021\\src\\redux\\actions\\actions.js","statementMap":{"0":{"start":{"line":14,"column":2},"end":{"line":17,"column":4}},"1":{"start":{"line":21,"column":2},"end":{"line":24,"column":4}},"2":{"start":{"line":28,"column":2},"end":{"line":31,"column":4}},"3":{"start":{"line":35,"column":2},"end":{"line":38,"column":4}},"4":{"start":{"line":42,"column":2},"end":{"line":45,"column":4}},"5":{"start":{"line":49,"column":2},"end":{"line":52,"column":4}},"6":{"start":{"line":56,"column":2},"end":{"line":59,"column":4}},"7":{"start":{"line":63,"column":2},"end":{"line":66,"column":4}},"8":{"start":{"line":70,"column":2},"end":{"line":73,"column":4}}},"fnMap":{"0":{"name":"setSearchText","decl":{"start":{"line":13,"column":16},"end":{"line":13,"column":29}},"loc":{"start":{"line":13,"column":36},"end":{"line":18,"column":1}},"line":13},"1":{"name":"setCharactersData","decl":{"start":{"line":20,"column":16},"end":{"line":20,"column":33}},"loc":{"start":{"line":20,"column":40},"end":{"line":25,"column":1}},"line":20},"2":{"name":"setCardPerPageValue","decl":{"start":{"line":27,"column":16},"end":{"line":27,"column":35}},"loc":{"start":{"line":27,"column":43},"end":{"line":32,"column":1}},"line":27},"3":{"name":"setDetailsId","decl":{"start":{"line":34,"column":16},"end":{"line":34,"column":28}},"loc":{"start":{"line":34,"column":33},"end":{"line":39,"column":1}},"line":34},"4":{"name":"setDetailsInfo","decl":{"start":{"line":41,"column":16},"end":{"line":41,"column":30}},"loc":{"start":{"line":41,"column":37},"end":{"line":46,"column":1}},"line":41},"5":{"name":"setLoadingStatus","decl":{"start":{"line":48,"column":16},"end":{"line":48,"column":32}},"loc":{"start":{"line":48,"column":41},"end":{"line":53,"column":1}},"line":48},"6":{"name":"setErrorStatus","decl":{"start":{"line":55,"column":16},"end":{"line":55,"column":30}},"loc":{"start":{"line":55,"column":39},"end":{"line":60,"column":1}},"line":55},"7":{"name":"setSortType","decl":{"start":{"line":62,"column":16},"end":{"line":62,"column":27}},"loc":{"start":{"line":62,"column":36},"end":{"line":67,"column":1}},"line":62},"8":{"name":"setNumberOfPage","decl":{"start":{"line":69,"column":16},"end":{"line":69,"column":31}},"loc":{"start":{"line":69,"column":38},"end":{"line":74,"column":1}},"line":69}},"branchMap":{},"s":{"0":0,"1":0,"2":0,"3":0,"4":0,"5":0,"6":0,"7":0,"8":0},"f":{"0":0,"1":0,"2":0,"3":0,"4":0,"5":0,"6":0,"7":0,"8":0},"b":{},"_coverageSchema":"1a1c01bbd47fc00a2c39e90264f33305004495a9","hash":"5bab6e35da6b79fd792be2f2631fd7a35507b92d"}
,"C:\\Users\\fv215\\Documents\\GitHub\\rs-react-2021\\src\\redux\\actions\\actionsTypes.js": {"path":"C:\\Users\\fv215\\Documents\\GitHub\\rs-react-2021\\src\\redux\\actions\\actionsTypes.js","statementMap":{"0":{"start":{"line":1,"column":31},"end":{"line":1,"column":48}},"1":{"start":{"line":2,"column":35},"end":{"line":2,"column":56}},"2":{"start":{"line":3,"column":35},"end":{"line":3,"column":56}},"3":{"start":{"line":4,"column":30},"end":{"line":4,"column":46}},"4":{"start":{"line":5,"column":32},"end":{"line":5,"column":50}},"5":{"start":{"line":6,"column":34},"end":{"line":6,"column":54}},"6":{"start":{"line":7,"column":32},"end":{"line":7,"column":50}},"7":{"start":{"line":8,"column":29},"end":{"line":8,"column":44}},"8":{"start":{"line":9,"column":34},"end":{"line":9,"column":54}}},"fnMap":{},"branchMap":{},"s":{"0":1,"1":1,"2":1,"3":1,"4":1,"5":1,"6":1,"7":1,"8":1},"f":{},"b":{},"_coverageSchema":"1a1c01bbd47fc00a2c39e90264f33305004495a9","hash":"f6a6868020666237466c494b152eeda08bc166ae"}
,"C:\\Users\\fv215\\Documents\\GitHub\\rs-react-2021\\src\\redux\\actions\\thunk\\getAllCharacters.js": {"path":"C:\\Users\\fv215\\Documents\\GitHub\\rs-react-2021\\src\\redux\\actions\\thunk\\getAllCharacters.js","statementMap":{"0":{"start":{"line":7,"column":25},"end":{"line":40,"column":1}},"1":{"start":{"line":7,"column":31},"end":{"line":40,"column":1}},"2":{"start":{"line":8,"column":16},"end":{"line":8,"column":26}},"3":{"start":{"line":9,"column":25},"end":{"line":9,"column":30}},"4":{"start":{"line":10,"column":26},"end":{"line":10,"column":31}},"5":{"start":{"line":11,"column":27},"end":{"line":11,"column":32}},"6":{"start":{"line":12,"column":2},"end":{"line":12,"column":35}},"7":{"start":{"line":13,"column":14},"end":{"line":13,"column":135}},"8":{"start":{"line":14,"column":2},"end":{"line":39,"column":7}},"9":{"start":{"line":22,"column":6},"end":{"line":29,"column":7}},"10":{"start":{"line":23,"column":8},"end":{"line":28,"column":10}},"11":{"start":{"line":30,"column":6},"end":{"line":30,"column":29}},"12":{"start":{"line":33,"column":6},"end":{"line":33,"column":40}},"13":{"start":{"line":34,"column":6},"end":{"line":34,"column":40}},"14":{"start":{"line":37,"column":6},"end":{"line":37,"column":27}},"15":{"start":{"line":38,"column":6},"end":{"line":38,"column":40}}},"fnMap":{"0":{"name":"(anonymous_0)","decl":{"start":{"line":7,"column":25},"end":{"line":7,"column":26}},"loc":{"start":{"line":7,"column":31},"end":{"line":40,"column":1}},"line":7},"1":{"name":"(anonymous_1)","decl":{"start":{"line":7,"column":31},"end":{"line":7,"column":32}},"loc":{"start":{"line":7,"column":55},"end":{"line":40,"column":1}},"line":7},"2":{"name":"(anonymous_2)","decl":{"start":{"line":21,"column":10},"end":{"line":21,"column":11}},"loc":{"start":{"line":21,"column":24},"end":{"line":31,"column":5}},"line":21},"3":{"name":"(anonymous_3)","decl":{"start":{"line":32,"column":10},"end":{"line":32,"column":11}},"loc":{"start":{"line":32,"column":20},"end":{"line":35,"column":5}},"line":32},"4":{"name":"(anonymous_4)","decl":{"start":{"line":36,"column":11},"end":{"line":36,"column":12}},"loc":{"start":{"line":36,"column":17},"end":{"line":39,"column":5}},"line":36}},"branchMap":{"0":{"loc":{"start":{"line":22,"column":6},"end":{"line":29,"column":7}},"type":"if","locations":[{"start":{"line":22,"column":6},"end":{"line":29,"column":7}},{"start":{"line":22,"column":6},"end":{"line":29,"column":7}}],"line":22}},"s":{"0":1,"1":0,"2":0,"3":0,"4":0,"5":0,"6":0,"7":0,"8":0,"9":0,"10":0,"11":0,"12":0,"13":0,"14":0,"15":0},"f":{"0":0,"1":0,"2":0,"3":0,"4":0},"b":{"0":[0,0]},"_coverageSchema":"1a1c01bbd47fc00a2c39e90264f33305004495a9","hash":"e67d418acf10a8b91491d9d77ccd530a99a73691"}
}
