{"C:\\Users\\1\\Documents\\GitHub\\rs-react-2021_\\src\\App.js": {"path":"C:\\Users\\1\\Documents\\GitHub\\rs-react-2021_\\src\\App.js","statementMap":{"0":{"start":{"line":15,"column":12},"end":{"line":67,"column":1}},"1":{"start":{"line":16,"column":2},"end":{"line":18,"column":9}},"2":{"start":{"line":17,"column":4},"end":{"line":17,"column":23}},"3":{"start":{"line":20,"column":2},"end":{"line":66,"column":4}},"4":{"start":{"line":28,"column":14},"end":{"line":37,"column":30}},"5":{"start":{"line":42,"column":14},"end":{"line":51,"column":30}},"6":{"start":{"line":57,"column":33},"end":{"line":57,"column":45}},"7":{"start":{"line":58,"column":14},"end":{"line":58,"column":35}},"8":{"start":{"line":59,"column":14},"end":{"line":59,"column":37}},"9":{"start":{"line":69,"column":27},"end":{"line":76,"column":2}},"10":{"start":{"line":69,"column":42},"end":{"line":76,"column":1}},"11":{"start":{"line":71,"column":4},"end":{"line":71,"column":33}},"12":{"start":{"line":74,"column":4},"end":{"line":74,"column":31}},"13":{"start":{"line":78,"column":0},"end":{"line":81,"column":2}}},"fnMap":{"0":{"name":"(anonymous_0)","decl":{"start":{"line":15,"column":12},"end":{"line":15,"column":13}},"loc":{"start":{"line":15,"column":52},"end":{"line":67,"column":1}},"line":15},"1":{"name":"(anonymous_1)","decl":{"start":{"line":16,"column":12},"end":{"line":16,"column":13}},"loc":{"start":{"line":16,"column":18},"end":{"line":18,"column":3}},"line":16},"2":{"name":"(anonymous_2)","decl":{"start":{"line":27,"column":13},"end":{"line":27,"column":14}},"loc":{"start":{"line":28,"column":14},"end":{"line":37,"column":30}},"line":28},"3":{"name":"(anonymous_3)","decl":{"start":{"line":41,"column":13},"end":{"line":41,"column":14}},"loc":{"start":{"line":42,"column":14},"end":{"line":51,"column":30}},"line":42},"4":{"name":"(anonymous_4)","decl":{"start":{"line":56,"column":20},"end":{"line":56,"column":21}},"loc":{"start":{"line":56,"column":35},"end":{"line":60,"column":13}},"line":56},"5":{"name":"(anonymous_5)","decl":{"start":{"line":69,"column":27},"end":{"line":69,"column":28}},"loc":{"start":{"line":69,"column":42},"end":{"line":76,"column":1}},"line":69},"6":{"name":"(anonymous_6)","decl":{"start":{"line":70,"column":20},"end":{"line":70,"column":21}},"loc":{"start":{"line":70,"column":26},"end":{"line":72,"column":3}},"line":70},"7":{"name":"(anonymous_7)","decl":{"start":{"line":73,"column":16},"end":{"line":73,"column":17}},"loc":{"start":{"line":73,"column":24},"end":{"line":75,"column":3}},"line":73}},"branchMap":{},"s":{"0":1,"1":0,"2":0,"3":0,"4":0,"5":0,"6":0,"7":0,"8":0,"9":1,"10":0,"11":0,"12":0,"13":1},"f":{"0":0,"1":0,"2":0,"3":0,"4":0,"5":0,"6":0,"7":0},"b":{},"_coverageSchema":"1a1c01bbd47fc00a2c39e90264f33305004495a9","hash":"dad259c311e5b01cb184bb86b3920fee5a44ae8c"}
,"C:\\Users\\1\\Documents\\GitHub\\rs-react-2021_\\src\\Components\\Header\\Header.js": {"path":"C:\\Users\\1\\Documents\\GitHub\\rs-react-2021_\\src\\Components\\Header\\Header.js","statementMap":{"0":{"start":{"line":4,"column":15},"end":{"line":8,"column":1}},"1":{"start":{"line":5,"column":2},"end":{"line":7,"column":11}}},"fnMap":{"0":{"name":"(anonymous_0)","decl":{"start":{"line":4,"column":15},"end":{"line":4,"column":16}},"loc":{"start":{"line":5,"column":2},"end":{"line":7,"column":11}},"line":5}},"branchMap":{},"s":{"0":1,"1":0},"f":{"0":0},"b":{},"_coverageSchema":"1a1c01bbd47fc00a2c39e90264f33305004495a9","hash":"3d88f007721372fcb8e12e8ff8f47bb4f9a2f6fe"}
,"C:\\Users\\1\\Documents\\GitHub\\rs-react-2021_\\src\\Components\\Header\\Navigation\\Navigation.js": {"path":"C:\\Users\\1\\Documents\\GitHub\\rs-react-2021_\\src\\Components\\Header\\Navigation\\Navigation.js","statementMap":{"0":{"start":{"line":5,"column":19},"end":{"line":20,"column":1}},"1":{"start":{"line":6,"column":2},"end":{"line":19,"column":8}}},"fnMap":{"0":{"name":"(anonymous_0)","decl":{"start":{"line":5,"column":19},"end":{"line":5,"column":20}},"loc":{"start":{"line":6,"column":2},"end":{"line":19,"column":8}},"line":6}},"branchMap":{},"s":{"0":1,"1":0},"f":{"0":0},"b":{},"_coverageSchema":"1a1c01bbd47fc00a2c39e90264f33305004495a9","hash":"a4d5f18d890aea6351a7d5ac4710cfbae25d824c"}
,"C:\\Users\\1\\Documents\\GitHub\\rs-react-2021_\\src\\Components\\Loader\\Loader.js": {"path":"C:\\Users\\1\\Documents\\GitHub\\rs-react-2021_\\src\\Components\\Loader\\Loader.js","statementMap":{"0":{"start":{"line":4,"column":15},"end":{"line":4,"column":51}},"1":{"start":{"line":4,"column":21},"end":{"line":4,"column":51}}},"fnMap":{"0":{"name":"(anonymous_0)","decl":{"start":{"line":4,"column":15},"end":{"line":4,"column":16}},"loc":{"start":{"line":4,"column":21},"end":{"line":4,"column":51}},"line":4}},"branchMap":{},"s":{"0":1,"1":0},"f":{"0":0},"b":{},"_coverageSchema":"1a1c01bbd47fc00a2c39e90264f33305004495a9","hash":"b4c82648ce852db799b227dde469173015671edd"}
,"C:\\Users\\1\\Documents\\GitHub\\rs-react-2021_\\src\\Components\\Pages\\AboutPage\\AboutPage.js": {"path":"C:\\Users\\1\\Documents\\GitHub\\rs-react-2021_\\src\\Components\\Pages\\AboutPage\\AboutPage.js","statementMap":{"0":{"start":{"line":4,"column":18},"end":{"line":21,"column":1}},"1":{"start":{"line":5,"column":2},"end":{"line":20,"column":8}}},"fnMap":{"0":{"name":"(anonymous_0)","decl":{"start":{"line":4,"column":18},"end":{"line":4,"column":19}},"loc":{"start":{"line":5,"column":2},"end":{"line":20,"column":8}},"line":5}},"branchMap":{},"s":{"0":1,"1":0},"f":{"0":0},"b":{},"_coverageSchema":"1a1c01bbd47fc00a2c39e90264f33305004495a9","hash":"6e59ac648a3329b6b55c8fa70e2cc315e17526e5"}
,"C:\\Users\\1\\Documents\\GitHub\\rs-react-2021_\\src\\Components\\Pages\\DetailsPage\\DetailsPage.js": {"path":"C:\\Users\\1\\Documents\\GitHub\\rs-react-2021_\\src\\Components\\Pages\\DetailsPage\\DetailsPage.js","statementMap":{"0":{"start":{"line":8,"column":20},"end":{"line":77,"column":1}},"1":{"start":{"line":9,"column":2},"end":{"line":11,"column":9}},"2":{"start":{"line":10,"column":4},"end":{"line":10,"column":21}},"3":{"start":{"line":13,"column":2},"end":{"line":15,"column":3}},"4":{"start":{"line":14,"column":4},"end":{"line":14,"column":22}},"5":{"start":{"line":17,"column":2},"end":{"line":19,"column":3}},"6":{"start":{"line":18,"column":4},"end":{"line":18,"column":49}},"7":{"start":{"line":21,"column":2},"end":{"line":76,"column":4}},"8":{"start":{"line":79,"column":24},"end":{"line":83,"column":2}},"9":{"start":{"line":79,"column":36},"end":{"line":83,"column":1}},"10":{"start":{"line":85,"column":27},"end":{"line":87,"column":2}},"11":{"start":{"line":85,"column":42},"end":{"line":87,"column":1}},"12":{"start":{"line":86,"column":24},"end":{"line":86,"column":50}},"13":{"start":{"line":89,"column":0},"end":{"line":105,"column":2}}},"fnMap":{"0":{"name":"(anonymous_0)","decl":{"start":{"line":8,"column":20},"end":{"line":8,"column":21}},"loc":{"start":{"line":8,"column":77},"end":{"line":77,"column":1}},"line":8},"1":{"name":"(anonymous_1)","decl":{"start":{"line":9,"column":12},"end":{"line":9,"column":13}},"loc":{"start":{"line":9,"column":18},"end":{"line":11,"column":3}},"line":9},"2":{"name":"(anonymous_2)","decl":{"start":{"line":79,"column":24},"end":{"line":79,"column":25}},"loc":{"start":{"line":79,"column":36},"end":{"line":83,"column":1}},"line":79},"3":{"name":"(anonymous_3)","decl":{"start":{"line":85,"column":27},"end":{"line":85,"column":28}},"loc":{"start":{"line":85,"column":42},"end":{"line":87,"column":1}},"line":85},"4":{"name":"(anonymous_4)","decl":{"start":{"line":86,"column":18},"end":{"line":86,"column":19}},"loc":{"start":{"line":86,"column":24},"end":{"line":86,"column":50}},"line":86}},"branchMap":{"0":{"loc":{"start":{"line":13,"column":2},"end":{"line":15,"column":3}},"type":"if","locations":[{"start":{"line":13,"column":2},"end":{"line":15,"column":3}},{"start":{"line":13,"column":2},"end":{"line":15,"column":3}}],"line":13},"1":{"loc":{"start":{"line":17,"column":2},"end":{"line":19,"column":3}},"type":"if","locations":[{"start":{"line":17,"column":2},"end":{"line":19,"column":3}},{"start":{"line":17,"column":2},"end":{"line":19,"column":3}}],"line":17},"2":{"loc":{"start":{"line":25,"column":9},"end":{"line":25,"column":65}},"type":"cond-expr","locations":[{"start":{"line":25,"column":28},"end":{"line":25,"column":50}},{"start":{"line":25,"column":53},"end":{"line":25,"column":65}}],"line":25},"3":{"loc":{"start":{"line":29,"column":9},"end":{"line":29,"column":65}},"type":"cond-expr","locations":[{"start":{"line":29,"column":28},"end":{"line":29,"column":50}},{"start":{"line":29,"column":53},"end":{"line":29,"column":65}}],"line":29},"4":{"loc":{"start":{"line":33,"column":9},"end":{"line":33,"column":68}},"type":"cond-expr","locations":[{"start":{"line":33,"column":30},"end":{"line":33,"column":53}},{"start":{"line":33,"column":56},"end":{"line":33,"column":68}}],"line":33},"5":{"loc":{"start":{"line":37,"column":9},"end":{"line":37,"column":65}},"type":"cond-expr","locations":[{"start":{"line":37,"column":28},"end":{"line":37,"column":50}},{"start":{"line":37,"column":53},"end":{"line":37,"column":65}}],"line":37},"6":{"loc":{"start":{"line":41,"column":9},"end":{"line":41,"column":67}},"type":"cond-expr","locations":[{"start":{"line":41,"column":29},"end":{"line":41,"column":52}},{"start":{"line":41,"column":55},"end":{"line":41,"column":67}}],"line":41},"7":{"loc":{"start":{"line":45,"column":9},"end":{"line":45,"column":67}},"type":"cond-expr","locations":[{"start":{"line":45,"column":29},"end":{"line":45,"column":52}},{"start":{"line":45,"column":55},"end":{"line":45,"column":67}}],"line":45},"8":{"loc":{"start":{"line":49,"column":9},"end":{"line":49,"column":65}},"type":"cond-expr","locations":[{"start":{"line":49,"column":28},"end":{"line":49,"column":50}},{"start":{"line":49,"column":53},"end":{"line":49,"column":65}}],"line":49},"9":{"loc":{"start":{"line":53,"column":9},"end":{"line":53,"column":67}},"type":"cond-expr","locations":[{"start":{"line":53,"column":29},"end":{"line":53,"column":52}},{"start":{"line":53,"column":55},"end":{"line":53,"column":67}}],"line":53},"10":{"loc":{"start":{"line":57,"column":9},"end":{"line":57,"column":69}},"type":"cond-expr","locations":[{"start":{"line":57,"column":30},"end":{"line":57,"column":54}},{"start":{"line":57,"column":57},"end":{"line":57,"column":69}}],"line":57},"11":{"loc":{"start":{"line":61,"column":9},"end":{"line":61,"column":63}},"type":"cond-expr","locations":[{"start":{"line":61,"column":27},"end":{"line":61,"column":48}},{"start":{"line":61,"column":51},"end":{"line":61,"column":63}}],"line":61},"12":{"loc":{"start":{"line":63,"column":7},"end":{"line":74,"column":7}},"type":"cond-expr","locations":[{"start":{"line":64,"column":8},"end":{"line":71,"column":12}},{"start":{"line":73,"column":8},"end":{"line":73,"column":32}}],"line":63}},"s":{"0":1,"1":0,"2":0,"3":0,"4":0,"5":0,"6":0,"7":0,"8":1,"9":0,"10":1,"11":0,"12":0,"13":1},"f":{"0":0,"1":0,"2":0,"3":0,"4":0},"b":{"0":[0,0],"1":[0,0],"2":[0,0],"3":[0,0],"4":[0,0],"5":[0,0],"6":[0,0],"7":[0,0],"8":[0,0],"9":[0,0],"10":[0,0],"11":[0,0],"12":[0,0]},"_coverageSchema":"1a1c01bbd47fc00a2c39e90264f33305004495a9","hash":"9278ca47bc0646ae2eb0304f0b97564c7313e7c6"}
,"C:\\Users\\1\\Documents\\GitHub\\rs-react-2021_\\src\\Components\\Pages\\HomePage\\HomePage.js": {"path":"C:\\Users\\1\\Documents\\GitHub\\rs-react-2021_\\src\\Components\\Pages\\HomePage\\HomePage.js","statementMap":{"0":{"start":{"line":12,"column":17},"end":{"line":36,"column":1}},"1":{"start":{"line":13,"column":2},"end":{"line":15,"column":3}},"2":{"start":{"line":14,"column":4},"end":{"line":14,"column":42}},"3":{"start":{"line":17,"column":2},"end":{"line":35,"column":4}},"4":{"start":{"line":38,"column":24},"end":{"line":41,"column":2}},"5":{"start":{"line":38,"column":36},"end":{"line":41,"column":1}},"6":{"start":{"line":43,"column":0},"end":{"line":46,"column":2}}},"fnMap":{"0":{"name":"(anonymous_0)","decl":{"start":{"line":12,"column":17},"end":{"line":12,"column":18}},"loc":{"start":{"line":12,"column":45},"end":{"line":36,"column":1}},"line":12},"1":{"name":"(anonymous_1)","decl":{"start":{"line":38,"column":24},"end":{"line":38,"column":25}},"loc":{"start":{"line":38,"column":36},"end":{"line":41,"column":1}},"line":38}},"branchMap":{"0":{"loc":{"start":{"line":13,"column":2},"end":{"line":15,"column":3}},"type":"if","locations":[{"start":{"line":13,"column":2},"end":{"line":15,"column":3}},{"start":{"line":13,"column":2},"end":{"line":15,"column":3}}],"line":13},"1":{"loc":{"start":{"line":26,"column":7},"end":{"line":33,"column":7}},"type":"cond-expr","locations":[{"start":{"line":27,"column":8},"end":{"line":27,"column":18}},{"start":{"line":29,"column":8},"end":{"line":32,"column":11}}],"line":26}},"s":{"0":1,"1":0,"2":0,"3":0,"4":1,"5":0,"6":1},"f":{"0":0,"1":0},"b":{"0":[0,0],"1":[0,0]},"_coverageSchema":"1a1c01bbd47fc00a2c39e90264f33305004495a9","hash":"b81fb75ebb1d21ffb54a2a68677e5a680c28316a"}
,"C:\\Users\\1\\Documents\\GitHub\\rs-react-2021_\\src\\Components\\Pages\\HomePage\\Components\\CardsContainer\\CardsContainer.js": {"path":"C:\\Users\\1\\Documents\\GitHub\\rs-react-2021_\\src\\Components\\Pages\\HomePage\\Components\\CardsContainer\\CardsContainer.js","statementMap":{"0":{"start":{"line":7,"column":23},"end":{"line":25,"column":1}},"1":{"start":{"line":8,"column":21},"end":{"line":10,"column":4}},"2":{"start":{"line":9,"column":4},"end":{"line":9,"column":39}},"3":{"start":{"line":12,"column":2},"end":{"line":14,"column":3}},"4":{"start":{"line":13,"column":4},"end":{"line":13,"column":66}},"5":{"start":{"line":16,"column":2},"end":{"line":18,"column":3}},"6":{"start":{"line":17,"column":4},"end":{"line":17,"column":62}},"7":{"start":{"line":20,"column":2},"end":{"line":22,"column":3}},"8":{"start":{"line":21,"column":4},"end":{"line":21,"column":65}},"9":{"start":{"line":24,"column":2},"end":{"line":24,"column":65}},"10":{"start":{"line":27,"column":24},"end":{"line":31,"column":2}},"11":{"start":{"line":27,"column":36},"end":{"line":31,"column":1}},"12":{"start":{"line":35,"column":0},"end":{"line":39,"column":2}}},"fnMap":{"0":{"name":"(anonymous_0)","decl":{"start":{"line":7,"column":23},"end":{"line":7,"column":24}},"loc":{"start":{"line":7,"column":66},"end":{"line":25,"column":1}},"line":7},"1":{"name":"(anonymous_1)","decl":{"start":{"line":8,"column":40},"end":{"line":8,"column":41}},"loc":{"start":{"line":9,"column":4},"end":{"line":9,"column":39}},"line":9},"2":{"name":"(anonymous_2)","decl":{"start":{"line":27,"column":24},"end":{"line":27,"column":25}},"loc":{"start":{"line":27,"column":36},"end":{"line":31,"column":1}},"line":27}},"branchMap":{"0":{"loc":{"start":{"line":12,"column":2},"end":{"line":14,"column":3}},"type":"if","locations":[{"start":{"line":12,"column":2},"end":{"line":14,"column":3}},{"start":{"line":12,"column":2},"end":{"line":14,"column":3}}],"line":12},"1":{"loc":{"start":{"line":16,"column":2},"end":{"line":18,"column":3}},"type":"if","locations":[{"start":{"line":16,"column":2},"end":{"line":18,"column":3}},{"start":{"line":16,"column":2},"end":{"line":18,"column":3}}],"line":16},"2":{"loc":{"start":{"line":16,"column":6},"end":{"line":16,"column":25}},"type":"binary-expr","locations":[{"start":{"line":16,"column":6},"end":{"line":16,"column":13}},{"start":{"line":16,"column":17},"end":{"line":16,"column":25}}],"line":16},"3":{"loc":{"start":{"line":20,"column":2},"end":{"line":22,"column":3}},"type":"if","locations":[{"start":{"line":20,"column":2},"end":{"line":22,"column":3}},{"start":{"line":20,"column":2},"end":{"line":22,"column":3}}],"line":20}},"s":{"0":1,"1":0,"2":0,"3":0,"4":0,"5":0,"6":0,"7":0,"8":0,"9":0,"10":1,"11":0,"12":1},"f":{"0":0,"1":0,"2":0},"b":{"0":[0,0],"1":[0,0],"2":[0,0],"3":[0,0]},"_coverageSchema":"1a1c01bbd47fc00a2c39e90264f33305004495a9","hash":"31daff680bb1638fa45f30ecd2cc92555a73bb4a"}
,"C:\\Users\\1\\Documents\\GitHub\\rs-react-2021_\\src\\Components\\Pages\\HomePage\\Components\\CardsContainer\\Card\\Card.js": {"path":"C:\\Users\\1\\Documents\\GitHub\\rs-react-2021_\\src\\Components\\Pages\\HomePage\\Components\\CardsContainer\\Card\\Card.js","statementMap":{"0":{"start":{"line":6,"column":13},"end":{"line":44,"column":1}},"1":{"start":{"line":7,"column":2},"end":{"line":43,"column":12}},"2":{"start":{"line":48,"column":0},"end":{"line":60,"column":2}}},"fnMap":{"0":{"name":"(anonymous_0)","decl":{"start":{"line":6,"column":13},"end":{"line":6,"column":14}},"loc":{"start":{"line":7,"column":2},"end":{"line":43,"column":12}},"line":7}},"branchMap":{"0":{"loc":{"start":{"line":11,"column":9},"end":{"line":11,"column":51}},"type":"cond-expr","locations":[{"start":{"line":11,"column":21},"end":{"line":11,"column":36}},{"start":{"line":11,"column":39},"end":{"line":11,"column":51}}],"line":11},"1":{"loc":{"start":{"line":15,"column":9},"end":{"line":15,"column":51}},"type":"cond-expr","locations":[{"start":{"line":15,"column":21},"end":{"line":15,"column":36}},{"start":{"line":15,"column":39},"end":{"line":15,"column":51}}],"line":15},"2":{"loc":{"start":{"line":20,"column":9},"end":{"line":20,"column":54}},"type":"cond-expr","locations":[{"start":{"line":20,"column":23},"end":{"line":20,"column":39}},{"start":{"line":20,"column":42},"end":{"line":20,"column":54}}],"line":20},"3":{"loc":{"start":{"line":24,"column":9},"end":{"line":24,"column":51}},"type":"cond-expr","locations":[{"start":{"line":24,"column":21},"end":{"line":24,"column":36}},{"start":{"line":24,"column":39},"end":{"line":24,"column":51}}],"line":24},"4":{"loc":{"start":{"line":28,"column":9},"end":{"line":28,"column":53}},"type":"cond-expr","locations":[{"start":{"line":28,"column":22},"end":{"line":28,"column":38}},{"start":{"line":28,"column":41},"end":{"line":28,"column":53}}],"line":28},"5":{"loc":{"start":{"line":32,"column":9},"end":{"line":32,"column":53}},"type":"cond-expr","locations":[{"start":{"line":32,"column":22},"end":{"line":32,"column":38}},{"start":{"line":32,"column":41},"end":{"line":32,"column":53}}],"line":32},"6":{"loc":{"start":{"line":36,"column":9},"end":{"line":36,"column":51}},"type":"cond-expr","locations":[{"start":{"line":36,"column":21},"end":{"line":36,"column":36}},{"start":{"line":36,"column":39},"end":{"line":36,"column":51}}],"line":36},"7":{"loc":{"start":{"line":40,"column":9},"end":{"line":40,"column":53}},"type":"cond-expr","locations":[{"start":{"line":40,"column":22},"end":{"line":40,"column":38}},{"start":{"line":40,"column":41},"end":{"line":40,"column":53}}],"line":40}},"s":{"0":1,"1":0,"2":1},"f":{"0":0},"b":{"0":[0,0],"1":[0,0],"2":[0,0],"3":[0,0],"4":[0,0],"5":[0,0],"6":[0,0],"7":[0,0]},"_coverageSchema":"1a1c01bbd47fc00a2c39e90264f33305004495a9","hash":"a8c65bc52df13eca7bb4412b3f164782fcf2c285"}
,"C:\\Users\\1\\Documents\\GitHub\\rs-react-2021_\\src\\Components\\Pages\\HomePage\\Components\\CardsPerPageChanger\\CardsPerPageChanger.js": {"path":"C:\\Users\\1\\Documents\\GitHub\\rs-react-2021_\\src\\Components\\Pages\\HomePage\\Components\\CardsPerPageChanger\\CardsPerPageChanger.js","statementMap":{"0":{"start":{"line":8,"column":28},"end":{"line":59,"column":1}},"1":{"start":{"line":9,"column":38},"end":{"line":9,"column":52}},"2":{"start":{"line":10,"column":28},"end":{"line":10,"column":42}},"3":{"start":{"line":12,"column":2},"end":{"line":25,"column":19}},"4":{"start":{"line":13,"column":18},"end":{"line":13,"column":36}},"5":{"start":{"line":14,"column":4},"end":{"line":14,"column":17}},"6":{"start":{"line":15,"column":4},"end":{"line":24,"column":5}},"7":{"start":{"line":21,"column":6},"end":{"line":21,"column":21}},"8":{"start":{"line":23,"column":6},"end":{"line":23,"column":22}},"9":{"start":{"line":27,"column":26},"end":{"line":30,"column":3}},"10":{"start":{"line":28,"column":26},"end":{"line":28,"column":40}},"11":{"start":{"line":29,"column":4},"end":{"line":29,"column":33}},"12":{"start":{"line":32,"column":26},"end":{"line":38,"column":3}},"13":{"start":{"line":33,"column":4},"end":{"line":33,"column":23}},"14":{"start":{"line":34,"column":4},"end":{"line":37,"column":5}},"15":{"start":{"line":35,"column":6},"end":{"line":35,"column":46}},"16":{"start":{"line":36,"column":6},"end":{"line":36,"column":25}},"17":{"start":{"line":40,"column":2},"end":{"line":58,"column":4}},"18":{"start":{"line":41,"column":57},"end":{"line":41,"column":75}},"19":{"start":{"line":47,"column":25},"end":{"line":47,"column":43}},"20":{"start":{"line":61,"column":27},"end":{"line":68,"column":2}},"21":{"start":{"line":61,"column":42},"end":{"line":68,"column":1}},"22":{"start":{"line":63,"column":4},"end":{"line":63,"column":46}},"23":{"start":{"line":66,"column":4},"end":{"line":66,"column":33}},"24":{"start":{"line":70,"column":0},"end":{"line":73,"column":2}}},"fnMap":{"0":{"name":"(anonymous_0)","decl":{"start":{"line":8,"column":28},"end":{"line":8,"column":29}},"loc":{"start":{"line":8,"column":75},"end":{"line":59,"column":1}},"line":8},"1":{"name":"(anonymous_1)","decl":{"start":{"line":12,"column":12},"end":{"line":12,"column":13}},"loc":{"start":{"line":12,"column":18},"end":{"line":25,"column":3}},"line":12},"2":{"name":"(anonymous_2)","decl":{"start":{"line":27,"column":26},"end":{"line":27,"column":27}},"loc":{"start":{"line":27,"column":33},"end":{"line":30,"column":3}},"line":27},"3":{"name":"(anonymous_3)","decl":{"start":{"line":32,"column":26},"end":{"line":32,"column":27}},"loc":{"start":{"line":32,"column":33},"end":{"line":38,"column":3}},"line":32},"4":{"name":"(anonymous_4)","decl":{"start":{"line":41,"column":50},"end":{"line":41,"column":51}},"loc":{"start":{"line":41,"column":57},"end":{"line":41,"column":75}},"line":41},"5":{"name":"(anonymous_5)","decl":{"start":{"line":47,"column":18},"end":{"line":47,"column":19}},"loc":{"start":{"line":47,"column":25},"end":{"line":47,"column":43}},"line":47},"6":{"name":"(anonymous_6)","decl":{"start":{"line":61,"column":27},"end":{"line":61,"column":28}},"loc":{"start":{"line":61,"column":42},"end":{"line":68,"column":1}},"line":61},"7":{"name":"(anonymous_7)","decl":{"start":{"line":62,"column":23},"end":{"line":62,"column":24}},"loc":{"start":{"line":62,"column":39},"end":{"line":64,"column":3}},"line":62},"8":{"name":"(anonymous_8)","decl":{"start":{"line":65,"column":20},"end":{"line":65,"column":21}},"loc":{"start":{"line":65,"column":26},"end":{"line":67,"column":3}},"line":65}},"branchMap":{"0":{"loc":{"start":{"line":15,"column":4},"end":{"line":24,"column":5}},"type":"if","locations":[{"start":{"line":15,"column":4},"end":{"line":24,"column":5}},{"start":{"line":15,"column":4},"end":{"line":24,"column":5}}],"line":15},"1":{"loc":{"start":{"line":16,"column":6},"end":{"line":19,"column":15}},"type":"binary-expr","locations":[{"start":{"line":16,"column":6},"end":{"line":16,"column":25}},{"start":{"line":17,"column":6},"end":{"line":17,"column":30}},{"start":{"line":18,"column":6},"end":{"line":18,"column":17}},{"start":{"line":19,"column":6},"end":{"line":19,"column":15}}],"line":16},"2":{"loc":{"start":{"line":34,"column":4},"end":{"line":37,"column":5}},"type":"if","locations":[{"start":{"line":34,"column":4},"end":{"line":37,"column":5}},{"start":{"line":34,"column":4},"end":{"line":37,"column":5}}],"line":34},"3":{"loc":{"start":{"line":52,"column":7},"end":{"line":56,"column":14}},"type":"cond-expr","locations":[{"start":{"line":53,"column":8},"end":{"line":55,"column":12}},{"start":{"line":56,"column":10},"end":{"line":56,"column":14}}],"line":52}},"s":{"0":1,"1":0,"2":0,"3":0,"4":0,"5":0,"6":0,"7":0,"8":0,"9":0,"10":0,"11":0,"12":0,"13":0,"14":0,"15":0,"16":0,"17":0,"18":0,"19":0,"20":1,"21":0,"22":0,"23":0,"24":1},"f":{"0":0,"1":0,"2":0,"3":0,"4":0,"5":0,"6":0,"7":0,"8":0},"b":{"0":[0,0],"1":[0,0,0,0],"2":[0,0],"3":[0,0]},"_coverageSchema":"1a1c01bbd47fc00a2c39e90264f33305004495a9","hash":"0f7d59c16123467054f1f95acbf68996058ebc88"}
,"C:\\Users\\1\\Documents\\GitHub\\rs-react-2021_\\src\\Components\\Pages\\HomePage\\Components\\Pagination\\Pagination.js": {"path":"C:\\Users\\1\\Documents\\GitHub\\rs-react-2021_\\src\\Components\\Pages\\HomePage\\Components\\Pagination\\Pagination.js","statementMap":{"0":{"start":{"line":10,"column":19},"end":{"line":83,"column":1}},"1":{"start":{"line":16,"column":36},"end":{"line":16,"column":38}},"2":{"start":{"line":17,"column":22},"end":{"line":21,"column":3}},"3":{"start":{"line":23,"column":18},"end":{"line":23,"column":20}},"4":{"start":{"line":24,"column":2},"end":{"line":28,"column":5}},"5":{"start":{"line":25,"column":4},"end":{"line":27,"column":6}},"6":{"start":{"line":30,"column":28},"end":{"line":48,"column":3}},"7":{"start":{"line":31,"column":4},"end":{"line":34,"column":5}},"8":{"start":{"line":32,"column":6},"end":{"line":32,"column":39}},"9":{"start":{"line":33,"column":6},"end":{"line":33,"column":25}},"10":{"start":{"line":35,"column":4},"end":{"line":38,"column":5}},"11":{"start":{"line":36,"column":6},"end":{"line":36,"column":39}},"12":{"start":{"line":37,"column":6},"end":{"line":37,"column":25}},"13":{"start":{"line":40,"column":4},"end":{"line":43,"column":5}},"14":{"start":{"line":41,"column":6},"end":{"line":41,"column":25}},"15":{"start":{"line":42,"column":6},"end":{"line":42,"column":25}},"16":{"start":{"line":44,"column":4},"end":{"line":47,"column":5}},"17":{"start":{"line":45,"column":6},"end":{"line":45,"column":34}},"18":{"start":{"line":46,"column":6},"end":{"line":46,"column":25}},"19":{"start":{"line":50,"column":2},"end":{"line":82,"column":4}},"20":{"start":{"line":54,"column":23},"end":{"line":54,"column":49}},"21":{"start":{"line":61,"column":23},"end":{"line":61,"column":48}},"22":{"start":{"line":69,"column":23},"end":{"line":69,"column":47}},"23":{"start":{"line":76,"column":23},"end":{"line":76,"column":48}},"24":{"start":{"line":85,"column":24},"end":{"line":88,"column":2}},"25":{"start":{"line":85,"column":36},"end":{"line":88,"column":1}},"26":{"start":{"line":90,"column":27},"end":{"line":93,"column":2}},"27":{"start":{"line":90,"column":42},"end":{"line":93,"column":1}},"28":{"start":{"line":91,"column":31},"end":{"line":91,"column":64}},"29":{"start":{"line":92,"column":26},"end":{"line":92,"column":54}},"30":{"start":{"line":95,"column":0},"end":{"line":100,"column":2}}},"fnMap":{"0":{"name":"(anonymous_0)","decl":{"start":{"line":10,"column":19},"end":{"line":10,"column":20}},"loc":{"start":{"line":15,"column":6},"end":{"line":83,"column":1}},"line":15},"1":{"name":"(anonymous_1)","decl":{"start":{"line":24,"column":22},"end":{"line":24,"column":23}},"loc":{"start":{"line":24,"column":34},"end":{"line":28,"column":3}},"line":24},"2":{"name":"(anonymous_2)","decl":{"start":{"line":30,"column":28},"end":{"line":30,"column":29}},"loc":{"start":{"line":30,"column":40},"end":{"line":48,"column":3}},"line":30},"3":{"name":"(anonymous_3)","decl":{"start":{"line":54,"column":17},"end":{"line":54,"column":18}},"loc":{"start":{"line":54,"column":23},"end":{"line":54,"column":49}},"line":54},"4":{"name":"(anonymous_4)","decl":{"start":{"line":61,"column":17},"end":{"line":61,"column":18}},"loc":{"start":{"line":61,"column":23},"end":{"line":61,"column":48}},"line":61},"5":{"name":"(anonymous_5)","decl":{"start":{"line":69,"column":17},"end":{"line":69,"column":18}},"loc":{"start":{"line":69,"column":23},"end":{"line":69,"column":47}},"line":69},"6":{"name":"(anonymous_6)","decl":{"start":{"line":76,"column":17},"end":{"line":76,"column":18}},"loc":{"start":{"line":76,"column":23},"end":{"line":76,"column":48}},"line":76},"7":{"name":"(anonymous_7)","decl":{"start":{"line":85,"column":24},"end":{"line":85,"column":25}},"loc":{"start":{"line":85,"column":36},"end":{"line":88,"column":1}},"line":85},"8":{"name":"(anonymous_8)","decl":{"start":{"line":90,"column":27},"end":{"line":90,"column":28}},"loc":{"start":{"line":90,"column":42},"end":{"line":93,"column":1}},"line":90},"9":{"name":"(anonymous_9)","decl":{"start":{"line":91,"column":19},"end":{"line":91,"column":20}},"loc":{"start":{"line":91,"column":31},"end":{"line":91,"column":64}},"line":91},"10":{"name":"(anonymous_10)","decl":{"start":{"line":92,"column":20},"end":{"line":92,"column":21}},"loc":{"start":{"line":92,"column":26},"end":{"line":92,"column":54}},"line":92}},"branchMap":{"0":{"loc":{"start":{"line":31,"column":4},"end":{"line":34,"column":5}},"type":"if","locations":[{"start":{"line":31,"column":4},"end":{"line":34,"column":5}},{"start":{"line":31,"column":4},"end":{"line":34,"column":5}}],"line":31},"1":{"loc":{"start":{"line":31,"column":8},"end":{"line":31,"column":44}},"type":"binary-expr","locations":[{"start":{"line":31,"column":8},"end":{"line":31,"column":25}},{"start":{"line":31,"column":29},"end":{"line":31,"column":44}}],"line":31},"2":{"loc":{"start":{"line":35,"column":4},"end":{"line":38,"column":5}},"type":"if","locations":[{"start":{"line":35,"column":4},"end":{"line":38,"column":5}},{"start":{"line":35,"column":4},"end":{"line":38,"column":5}}],"line":35},"3":{"loc":{"start":{"line":35,"column":8},"end":{"line":35,"column":52}},"type":"binary-expr","locations":[{"start":{"line":35,"column":8},"end":{"line":35,"column":24}},{"start":{"line":35,"column":28},"end":{"line":35,"column":52}}],"line":35},"4":{"loc":{"start":{"line":40,"column":4},"end":{"line":43,"column":5}},"type":"if","locations":[{"start":{"line":40,"column":4},"end":{"line":43,"column":5}},{"start":{"line":40,"column":4},"end":{"line":43,"column":5}}],"line":40},"5":{"loc":{"start":{"line":44,"column":4},"end":{"line":47,"column":5}},"type":"if","locations":[{"start":{"line":44,"column":4},"end":{"line":47,"column":5}},{"start":{"line":44,"column":4},"end":{"line":47,"column":5}}],"line":44}},"s":{"0":1,"1":0,"2":0,"3":0,"4":0,"5":0,"6":0,"7":0,"8":0,"9":0,"10":0,"11":0,"12":0,"13":0,"14":0,"15":0,"16":0,"17":0,"18":0,"19":0,"20":0,"21":0,"22":0,"23":0,"24":1,"25":0,"26":1,"27":0,"28":0,"29":0,"30":1},"f":{"0":0,"1":0,"2":0,"3":0,"4":0,"5":0,"6":0,"7":0,"8":0,"9":0,"10":0},"b":{"0":[0,0],"1":[0,0],"2":[0,0],"3":[0,0],"4":[0,0],"5":[0,0]},"_coverageSchema":"1a1c01bbd47fc00a2c39e90264f33305004495a9","hash":"db0a560606fcec28dcd16832b4046a976d7cc4df"}
,"C:\\Users\\1\\Documents\\GitHub\\rs-react-2021_\\src\\Components\\Pages\\HomePage\\Components\\Pagination\\PaginationService.js": {"path":"C:\\Users\\1\\Documents\\GitHub\\rs-react-2021_\\src\\Components\\Pages\\HomePage\\Components\\Pagination\\PaginationService.js","statementMap":{"0":{"start":{"line":1,"column":23},"end":{"line":14,"column":1}},"1":{"start":{"line":2,"column":15},"end":{"line":2,"column":34}},"2":{"start":{"line":3,"column":11},"end":{"line":3,"column":14}},"3":{"start":{"line":5,"column":2},"end":{"line":9,"column":3}},"4":{"start":{"line":6,"column":4},"end":{"line":6,"column":20}},"5":{"start":{"line":7,"column":9},"end":{"line":9,"column":3}},"6":{"start":{"line":8,"column":4},"end":{"line":8,"column":28}},"7":{"start":{"line":11,"column":15},"end":{"line":11,"column":23}},"8":{"start":{"line":13,"column":2},"end":{"line":13,"column":61}},"9":{"start":{"line":13,"column":47},"end":{"line":13,"column":59}}},"fnMap":{"0":{"name":"(anonymous_0)","decl":{"start":{"line":1,"column":23},"end":{"line":1,"column":24}},"loc":{"start":{"line":1,"column":57},"end":{"line":14,"column":1}},"line":1},"1":{"name":"(anonymous_1)","decl":{"start":{"line":13,"column":37},"end":{"line":13,"column":38}},"loc":{"start":{"line":13,"column":47},"end":{"line":13,"column":59}},"line":13}},"branchMap":{"0":{"loc":{"start":{"line":5,"column":2},"end":{"line":9,"column":3}},"type":"if","locations":[{"start":{"line":5,"column":2},"end":{"line":9,"column":3}},{"start":{"line":5,"column":2},"end":{"line":9,"column":3}}],"line":5},"1":{"loc":{"start":{"line":7,"column":9},"end":{"line":9,"column":3}},"type":"if","locations":[{"start":{"line":7,"column":9},"end":{"line":9,"column":3}},{"start":{"line":7,"column":9},"end":{"line":9,"column":3}}],"line":7}},"s":{"0":1,"1":0,"2":0,"3":0,"4":0,"5":0,"6":0,"7":0,"8":0,"9":0},"f":{"0":0,"1":0},"b":{"0":[0,0],"1":[0,0]},"_coverageSchema":"1a1c01bbd47fc00a2c39e90264f33305004495a9","hash":"15d655a80810e3db150d257a960993ec97811405"}
,"C:\\Users\\1\\Documents\\GitHub\\rs-react-2021_\\src\\Components\\Pages\\HomePage\\Components\\Pagination\\PaginationButton\\PaginationButton.js": {"path":"C:\\Users\\1\\Documents\\GitHub\\rs-react-2021_\\src\\Components\\Pages\\HomePage\\Components\\Pagination\\PaginationButton\\PaginationButton.js","statementMap":{"0":{"start":{"line":8,"column":25},"end":{"line":34,"column":1}},"1":{"start":{"line":14,"column":25},"end":{"line":17,"column":3}},"2":{"start":{"line":15,"column":4},"end":{"line":15,"column":35}},"3":{"start":{"line":16,"column":4},"end":{"line":16,"column":23}},"4":{"start":{"line":20,"column":4},"end":{"line":20,"column":65}},"5":{"start":{"line":22,"column":2},"end":{"line":32,"column":3}},"6":{"start":{"line":23,"column":4},"end":{"line":31,"column":6}},"7":{"start":{"line":27,"column":23},"end":{"line":27,"column":40}},"8":{"start":{"line":33,"column":2},"end":{"line":33,"column":14}},"9":{"start":{"line":36,"column":27},"end":{"line":39,"column":2}},"10":{"start":{"line":36,"column":42},"end":{"line":39,"column":1}},"11":{"start":{"line":37,"column":26},"end":{"line":37,"column":54}},"12":{"start":{"line":38,"column":31},"end":{"line":38,"column":64}},"13":{"start":{"line":41,"column":0},"end":{"line":46,"column":2}}},"fnMap":{"0":{"name":"(anonymous_0)","decl":{"start":{"line":8,"column":25},"end":{"line":8,"column":26}},"loc":{"start":{"line":13,"column":6},"end":{"line":34,"column":1}},"line":13},"1":{"name":"(anonymous_1)","decl":{"start":{"line":14,"column":25},"end":{"line":14,"column":26}},"loc":{"start":{"line":14,"column":44},"end":{"line":17,"column":3}},"line":14},"2":{"name":"(anonymous_2)","decl":{"start":{"line":27,"column":17},"end":{"line":27,"column":18}},"loc":{"start":{"line":27,"column":23},"end":{"line":27,"column":40}},"line":27},"3":{"name":"(anonymous_3)","decl":{"start":{"line":36,"column":27},"end":{"line":36,"column":28}},"loc":{"start":{"line":36,"column":42},"end":{"line":39,"column":1}},"line":36},"4":{"name":"(anonymous_4)","decl":{"start":{"line":37,"column":20},"end":{"line":37,"column":21}},"loc":{"start":{"line":37,"column":26},"end":{"line":37,"column":54}},"line":37},"5":{"name":"(anonymous_5)","decl":{"start":{"line":38,"column":19},"end":{"line":38,"column":20}},"loc":{"start":{"line":38,"column":31},"end":{"line":38,"column":64}},"line":38}},"branchMap":{"0":{"loc":{"start":{"line":20,"column":4},"end":{"line":20,"column":65}},"type":"cond-expr","locations":[{"start":{"line":20,"column":24},"end":{"line":20,"column":50}},{"start":{"line":20,"column":53},"end":{"line":20,"column":65}}],"line":20},"1":{"loc":{"start":{"line":22,"column":2},"end":{"line":32,"column":3}},"type":"if","locations":[{"start":{"line":22,"column":2},"end":{"line":32,"column":3}},{"start":{"line":22,"column":2},"end":{"line":32,"column":3}}],"line":22}},"s":{"0":1,"1":0,"2":0,"3":0,"4":0,"5":0,"6":0,"7":0,"8":0,"9":1,"10":0,"11":0,"12":0,"13":1},"f":{"0":0,"1":0,"2":0,"3":0,"4":0,"5":0},"b":{"0":[0,0],"1":[0,0]},"_coverageSchema":"1a1c01bbd47fc00a2c39e90264f33305004495a9","hash":"05dc41437cbe36e917f56ea7544fe9c7ac5189a7"}
,"C:\\Users\\1\\Documents\\GitHub\\rs-react-2021_\\src\\Components\\Pages\\HomePage\\Components\\SearchForm\\SearchForm.js": {"path":"C:\\Users\\1\\Documents\\GitHub\\rs-react-2021_\\src\\Components\\Pages\\HomePage\\Components\\SearchForm\\SearchForm.js","statementMap":{"0":{"start":{"line":8,"column":19},"end":{"line":37,"column":1}},"1":{"start":{"line":9,"column":38},"end":{"line":9,"column":50}},"2":{"start":{"line":11,"column":26},"end":{"line":14,"column":3}},"3":{"start":{"line":12,"column":21},"end":{"line":12,"column":35}},"4":{"start":{"line":13,"column":4},"end":{"line":13,"column":28}},"5":{"start":{"line":16,"column":26},"end":{"line":20,"column":3}},"6":{"start":{"line":17,"column":4},"end":{"line":17,"column":23}},"7":{"start":{"line":18,"column":4},"end":{"line":18,"column":30}},"8":{"start":{"line":19,"column":4},"end":{"line":19,"column":23}},"9":{"start":{"line":22,"column":2},"end":{"line":36,"column":4}},"10":{"start":{"line":23,"column":57},"end":{"line":23,"column":75}},"11":{"start":{"line":30,"column":25},"end":{"line":30,"column":43}},"12":{"start":{"line":39,"column":0},"end":{"line":42,"column":2}},"13":{"start":{"line":44,"column":27},"end":{"line":47,"column":2}},"14":{"start":{"line":44,"column":42},"end":{"line":47,"column":1}},"15":{"start":{"line":45,"column":33},"end":{"line":45,"column":68}},"16":{"start":{"line":46,"column":26},"end":{"line":46,"column":54}}},"fnMap":{"0":{"name":"(anonymous_0)","decl":{"start":{"line":8,"column":19},"end":{"line":8,"column":20}},"loc":{"start":{"line":8,"column":60},"end":{"line":37,"column":1}},"line":8},"1":{"name":"(anonymous_1)","decl":{"start":{"line":11,"column":26},"end":{"line":11,"column":27}},"loc":{"start":{"line":11,"column":33},"end":{"line":14,"column":3}},"line":11},"2":{"name":"(anonymous_2)","decl":{"start":{"line":16,"column":26},"end":{"line":16,"column":27}},"loc":{"start":{"line":16,"column":33},"end":{"line":20,"column":3}},"line":16},"3":{"name":"(anonymous_3)","decl":{"start":{"line":23,"column":50},"end":{"line":23,"column":51}},"loc":{"start":{"line":23,"column":57},"end":{"line":23,"column":75}},"line":23},"4":{"name":"(anonymous_4)","decl":{"start":{"line":30,"column":18},"end":{"line":30,"column":19}},"loc":{"start":{"line":30,"column":25},"end":{"line":30,"column":43}},"line":30},"5":{"name":"(anonymous_5)","decl":{"start":{"line":44,"column":27},"end":{"line":44,"column":28}},"loc":{"start":{"line":44,"column":42},"end":{"line":47,"column":1}},"line":44},"6":{"name":"(anonymous_6)","decl":{"start":{"line":45,"column":17},"end":{"line":45,"column":18}},"loc":{"start":{"line":45,"column":33},"end":{"line":45,"column":68}},"line":45},"7":{"name":"(anonymous_7)","decl":{"start":{"line":46,"column":20},"end":{"line":46,"column":21}},"loc":{"start":{"line":46,"column":26},"end":{"line":46,"column":54}},"line":46}},"branchMap":{},"s":{"0":1,"1":0,"2":0,"3":0,"4":0,"5":0,"6":0,"7":0,"8":0,"9":0,"10":0,"11":0,"12":1,"13":1,"14":0,"15":0,"16":0},"f":{"0":0,"1":0,"2":0,"3":0,"4":0,"5":0,"6":0,"7":0},"b":{},"_coverageSchema":"1a1c01bbd47fc00a2c39e90264f33305004495a9","hash":"19d71f3a8d74e15a99632ae69067a26568c823cc"}
,"C:\\Users\\1\\Documents\\GitHub\\rs-react-2021_\\src\\Components\\Pages\\HomePage\\Components\\Sort\\Sort.js": {"path":"C:\\Users\\1\\Documents\\GitHub\\rs-react-2021_\\src\\Components\\Pages\\HomePage\\Components\\Sort\\Sort.js","statementMap":{"0":{"start":{"line":8,"column":13},"end":{"line":184,"column":1}},"1":{"start":{"line":9,"column":25},"end":{"line":17,"column":3}},"2":{"start":{"line":19,"column":28},"end":{"line":22,"column":3}},"3":{"start":{"line":24,"column":40},"end":{"line":24,"column":64}},"4":{"start":{"line":25,"column":44},"end":{"line":25,"column":71}},"5":{"start":{"line":27,"column":26},"end":{"line":46,"column":3}},"6":{"start":{"line":28,"column":37},"end":{"line":28,"column":48}},"7":{"start":{"line":30,"column":4},"end":{"line":45,"column":5}},"8":{"start":{"line":34,"column":6},"end":{"line":38,"column":10}},"9":{"start":{"line":34,"column":29},"end":{"line":38,"column":7}},"10":{"start":{"line":40,"column":6},"end":{"line":44,"column":10}},"11":{"start":{"line":40,"column":30},"end":{"line":44,"column":7}},"12":{"start":{"line":48,"column":26},"end":{"line":61,"column":3}},"13":{"start":{"line":49,"column":4},"end":{"line":49,"column":23}},"14":{"start":{"line":50,"column":4},"end":{"line":60,"column":7}},"15":{"start":{"line":51,"column":6},"end":{"line":59,"column":7}},"16":{"start":{"line":52,"column":8},"end":{"line":58,"column":9}},"17":{"start":{"line":53,"column":10},"end":{"line":53,"column":42}},"18":{"start":{"line":54,"column":10},"end":{"line":54,"column":29}},"19":{"start":{"line":56,"column":10},"end":{"line":56,"column":43}},"20":{"start":{"line":57,"column":10},"end":{"line":57,"column":29}},"21":{"start":{"line":63,"column":2},"end":{"line":183,"column":4}},"22":{"start":{"line":75,"column":29},"end":{"line":75,"column":47}},"23":{"start":{"line":87,"column":29},"end":{"line":87,"column":47}},"24":{"start":{"line":99,"column":29},"end":{"line":99,"column":47}},"25":{"start":{"line":111,"column":29},"end":{"line":111,"column":47}},"26":{"start":{"line":123,"column":29},"end":{"line":123,"column":47}},"27":{"start":{"line":135,"column":29},"end":{"line":135,"column":47}},"28":{"start":{"line":147,"column":29},"end":{"line":147,"column":47}},"29":{"start":{"line":162,"column":29},"end":{"line":162,"column":47}},"30":{"start":{"line":174,"column":29},"end":{"line":174,"column":47}},"31":{"start":{"line":186,"column":27},"end":{"line":189,"column":2}},"32":{"start":{"line":186,"column":42},"end":{"line":189,"column":1}},"33":{"start":{"line":187,"column":25},"end":{"line":187,"column":52}},"34":{"start":{"line":188,"column":26},"end":{"line":188,"column":54}},"35":{"start":{"line":191,"column":0},"end":{"line":194,"column":2}}},"fnMap":{"0":{"name":"(anonymous_0)","decl":{"start":{"line":8,"column":13},"end":{"line":8,"column":14}},"loc":{"start":{"line":8,"column":52},"end":{"line":184,"column":1}},"line":8},"1":{"name":"(anonymous_1)","decl":{"start":{"line":27,"column":26},"end":{"line":27,"column":27}},"loc":{"start":{"line":27,"column":33},"end":{"line":46,"column":3}},"line":27},"2":{"name":"(anonymous_2)","decl":{"start":{"line":34,"column":22},"end":{"line":34,"column":23}},"loc":{"start":{"line":34,"column":29},"end":{"line":38,"column":7}},"line":34},"3":{"name":"(anonymous_3)","decl":{"start":{"line":40,"column":23},"end":{"line":40,"column":24}},"loc":{"start":{"line":40,"column":30},"end":{"line":44,"column":7}},"line":40},"4":{"name":"(anonymous_4)","decl":{"start":{"line":48,"column":26},"end":{"line":48,"column":27}},"loc":{"start":{"line":48,"column":33},"end":{"line":61,"column":3}},"line":48},"5":{"name":"(anonymous_5)","decl":{"start":{"line":50,"column":36},"end":{"line":50,"column":37}},"loc":{"start":{"line":50,"column":51},"end":{"line":60,"column":5}},"line":50},"6":{"name":"(anonymous_6)","decl":{"start":{"line":75,"column":22},"end":{"line":75,"column":23}},"loc":{"start":{"line":75,"column":29},"end":{"line":75,"column":47}},"line":75},"7":{"name":"(anonymous_7)","decl":{"start":{"line":87,"column":22},"end":{"line":87,"column":23}},"loc":{"start":{"line":87,"column":29},"end":{"line":87,"column":47}},"line":87},"8":{"name":"(anonymous_8)","decl":{"start":{"line":99,"column":22},"end":{"line":99,"column":23}},"loc":{"start":{"line":99,"column":29},"end":{"line":99,"column":47}},"line":99},"9":{"name":"(anonymous_9)","decl":{"start":{"line":111,"column":22},"end":{"line":111,"column":23}},"loc":{"start":{"line":111,"column":29},"end":{"line":111,"column":47}},"line":111},"10":{"name":"(anonymous_10)","decl":{"start":{"line":123,"column":22},"end":{"line":123,"column":23}},"loc":{"start":{"line":123,"column":29},"end":{"line":123,"column":47}},"line":123},"11":{"name":"(anonymous_11)","decl":{"start":{"line":135,"column":22},"end":{"line":135,"column":23}},"loc":{"start":{"line":135,"column":29},"end":{"line":135,"column":47}},"line":135},"12":{"name":"(anonymous_12)","decl":{"start":{"line":147,"column":22},"end":{"line":147,"column":23}},"loc":{"start":{"line":147,"column":29},"end":{"line":147,"column":47}},"line":147},"13":{"name":"(anonymous_13)","decl":{"start":{"line":162,"column":22},"end":{"line":162,"column":23}},"loc":{"start":{"line":162,"column":29},"end":{"line":162,"column":47}},"line":162},"14":{"name":"(anonymous_14)","decl":{"start":{"line":174,"column":22},"end":{"line":174,"column":23}},"loc":{"start":{"line":174,"column":29},"end":{"line":174,"column":47}},"line":174},"15":{"name":"(anonymous_15)","decl":{"start":{"line":186,"column":27},"end":{"line":186,"column":28}},"loc":{"start":{"line":186,"column":42},"end":{"line":189,"column":1}},"line":186},"16":{"name":"(anonymous_16)","decl":{"start":{"line":187,"column":15},"end":{"line":187,"column":16}},"loc":{"start":{"line":187,"column":25},"end":{"line":187,"column":52}},"line":187},"17":{"name":"(anonymous_17)","decl":{"start":{"line":188,"column":20},"end":{"line":188,"column":21}},"loc":{"start":{"line":188,"column":26},"end":{"line":188,"column":54}},"line":188}},"branchMap":{"0":{"loc":{"start":{"line":30,"column":4},"end":{"line":45,"column":5}},"type":"if","locations":[{"start":{"line":30,"column":4},"end":{"line":45,"column":5}},{"start":{"line":30,"column":4},"end":{"line":45,"column":5}}],"line":30},"1":{"loc":{"start":{"line":31,"column":6},"end":{"line":32,"column":41}},"type":"binary-expr","locations":[{"start":{"line":31,"column":6},"end":{"line":31,"column":40}},{"start":{"line":32,"column":6},"end":{"line":32,"column":41}}],"line":31},"2":{"loc":{"start":{"line":51,"column":6},"end":{"line":59,"column":7}},"type":"if","locations":[{"start":{"line":51,"column":6},"end":{"line":59,"column":7}},{"start":{"line":51,"column":6},"end":{"line":59,"column":7}}],"line":51},"3":{"loc":{"start":{"line":52,"column":8},"end":{"line":58,"column":9}},"type":"if","locations":[{"start":{"line":52,"column":8},"end":{"line":58,"column":9}},{"start":{"line":52,"column":8},"end":{"line":58,"column":9}}],"line":52}},"s":{"0":1,"1":0,"2":0,"3":0,"4":0,"5":0,"6":0,"7":0,"8":0,"9":0,"10":0,"11":0,"12":0,"13":0,"14":0,"15":0,"16":0,"17":0,"18":0,"19":0,"20":0,"21":0,"22":0,"23":0,"24":0,"25":0,"26":0,"27":0,"28":0,"29":0,"30":0,"31":1,"32":0,"33":0,"34":0,"35":1},"f":{"0":0,"1":0,"2":0,"3":0,"4":0,"5":0,"6":0,"7":0,"8":0,"9":0,"10":0,"11":0,"12":0,"13":0,"14":0,"15":0,"16":0,"17":0},"b":{"0":[0,0],"1":[0,0],"2":[0,0],"3":[0,0]},"_coverageSchema":"1a1c01bbd47fc00a2c39e90264f33305004495a9","hash":"c2c905b102f9b8d0ad97705b72b71e4512db3dd8"}
,"C:\\Users\\1\\Documents\\GitHub\\rs-react-2021_\\src\\Components\\Pages\\Page404\\Page404.js": {"path":"C:\\Users\\1\\Documents\\GitHub\\rs-react-2021_\\src\\Components\\Pages\\Page404\\Page404.js","statementMap":{"0":{"start":{"line":4,"column":16},"end":{"line":8,"column":1}},"1":{"start":{"line":5,"column":2},"end":{"line":7,"column":8}}},"fnMap":{"0":{"name":"(anonymous_0)","decl":{"start":{"line":4,"column":16},"end":{"line":4,"column":17}},"loc":{"start":{"line":5,"column":2},"end":{"line":7,"column":8}},"line":5}},"branchMap":{},"s":{"0":1,"1":0},"f":{"0":0},"b":{},"_coverageSchema":"1a1c01bbd47fc00a2c39e90264f33305004495a9","hash":"e6f122a9f52bdecb5860be24ec25c791162c4c9a"}
,"C:\\Users\\1\\Documents\\GitHub\\rs-react-2021_\\src\\redux\\actions\\actions.js": {"path":"C:\\Users\\1\\Documents\\GitHub\\rs-react-2021_\\src\\redux\\actions\\actions.js","statementMap":{"0":{"start":{"line":14,"column":2},"end":{"line":17,"column":4}},"1":{"start":{"line":21,"column":2},"end":{"line":24,"column":4}},"2":{"start":{"line":28,"column":2},"end":{"line":31,"column":4}},"3":{"start":{"line":35,"column":2},"end":{"line":38,"column":4}},"4":{"start":{"line":42,"column":2},"end":{"line":45,"column":4}},"5":{"start":{"line":49,"column":2},"end":{"line":52,"column":4}},"6":{"start":{"line":56,"column":2},"end":{"line":59,"column":4}},"7":{"start":{"line":63,"column":2},"end":{"line":66,"column":4}},"8":{"start":{"line":70,"column":2},"end":{"line":73,"column":4}}},"fnMap":{"0":{"name":"setSearchText","decl":{"start":{"line":13,"column":16},"end":{"line":13,"column":29}},"loc":{"start":{"line":13,"column":36},"end":{"line":18,"column":1}},"line":13},"1":{"name":"setCharactersData","decl":{"start":{"line":20,"column":16},"end":{"line":20,"column":33}},"loc":{"start":{"line":20,"column":40},"end":{"line":25,"column":1}},"line":20},"2":{"name":"setCardPerPageValue","decl":{"start":{"line":27,"column":16},"end":{"line":27,"column":35}},"loc":{"start":{"line":27,"column":43},"end":{"line":32,"column":1}},"line":27},"3":{"name":"setDetailsId","decl":{"start":{"line":34,"column":16},"end":{"line":34,"column":28}},"loc":{"start":{"line":34,"column":33},"end":{"line":39,"column":1}},"line":34},"4":{"name":"setDetailsInfo","decl":{"start":{"line":41,"column":16},"end":{"line":41,"column":30}},"loc":{"start":{"line":41,"column":37},"end":{"line":46,"column":1}},"line":41},"5":{"name":"setLoadingStatus","decl":{"start":{"line":48,"column":16},"end":{"line":48,"column":32}},"loc":{"start":{"line":48,"column":41},"end":{"line":53,"column":1}},"line":48},"6":{"name":"setErrorStatus","decl":{"start":{"line":55,"column":16},"end":{"line":55,"column":30}},"loc":{"start":{"line":55,"column":39},"end":{"line":60,"column":1}},"line":55},"7":{"name":"setSortType","decl":{"start":{"line":62,"column":16},"end":{"line":62,"column":27}},"loc":{"start":{"line":62,"column":36},"end":{"line":67,"column":1}},"line":62},"8":{"name":"setNumberOfPage","decl":{"start":{"line":69,"column":16},"end":{"line":69,"column":31}},"loc":{"start":{"line":69,"column":38},"end":{"line":74,"column":1}},"line":69}},"branchMap":{},"s":{"0":0,"1":0,"2":0,"3":0,"4":0,"5":0,"6":0,"7":0,"8":0},"f":{"0":0,"1":0,"2":0,"3":0,"4":0,"5":0,"6":0,"7":0,"8":0},"b":{},"_coverageSchema":"1a1c01bbd47fc00a2c39e90264f33305004495a9","hash":"dee1f6774e98b9c6153843d144ef61a367d7230c"}
,"C:\\Users\\1\\Documents\\GitHub\\rs-react-2021_\\src\\redux\\actions\\actionsTypes.js": {"path":"C:\\Users\\1\\Documents\\GitHub\\rs-react-2021_\\src\\redux\\actions\\actionsTypes.js","statementMap":{"0":{"start":{"line":1,"column":31},"end":{"line":1,"column":48}},"1":{"start":{"line":2,"column":35},"end":{"line":2,"column":56}},"2":{"start":{"line":3,"column":35},"end":{"line":3,"column":56}},"3":{"start":{"line":4,"column":30},"end":{"line":4,"column":46}},"4":{"start":{"line":5,"column":32},"end":{"line":5,"column":50}},"5":{"start":{"line":6,"column":34},"end":{"line":6,"column":54}},"6":{"start":{"line":7,"column":32},"end":{"line":7,"column":50}},"7":{"start":{"line":8,"column":29},"end":{"line":8,"column":44}},"8":{"start":{"line":9,"column":34},"end":{"line":9,"column":54}}},"fnMap":{},"branchMap":{},"s":{"0":1,"1":1,"2":1,"3":1,"4":1,"5":1,"6":1,"7":1,"8":1},"f":{},"b":{},"_coverageSchema":"1a1c01bbd47fc00a2c39e90264f33305004495a9","hash":"532b984b80835c3326089a21a31fea855b1da595"}
,"C:\\Users\\1\\Documents\\GitHub\\rs-react-2021_\\src\\redux\\actions\\thunk\\getAllCharacters.js": {"path":"C:\\Users\\1\\Documents\\GitHub\\rs-react-2021_\\src\\redux\\actions\\thunk\\getAllCharacters.js","statementMap":{"0":{"start":{"line":7,"column":25},"end":{"line":40,"column":1}},"1":{"start":{"line":7,"column":31},"end":{"line":40,"column":1}},"2":{"start":{"line":8,"column":16},"end":{"line":8,"column":26}},"3":{"start":{"line":9,"column":25},"end":{"line":9,"column":30}},"4":{"start":{"line":10,"column":26},"end":{"line":10,"column":31}},"5":{"start":{"line":11,"column":27},"end":{"line":11,"column":32}},"6":{"start":{"line":12,"column":2},"end":{"line":12,"column":35}},"7":{"start":{"line":13,"column":14},"end":{"line":13,"column":135}},"8":{"start":{"line":14,"column":2},"end":{"line":39,"column":7}},"9":{"start":{"line":22,"column":6},"end":{"line":29,"column":7}},"10":{"start":{"line":23,"column":8},"end":{"line":28,"column":10}},"11":{"start":{"line":30,"column":6},"end":{"line":30,"column":29}},"12":{"start":{"line":33,"column":6},"end":{"line":33,"column":40}},"13":{"start":{"line":34,"column":6},"end":{"line":34,"column":40}},"14":{"start":{"line":37,"column":6},"end":{"line":37,"column":27}},"15":{"start":{"line":38,"column":6},"end":{"line":38,"column":40}}},"fnMap":{"0":{"name":"(anonymous_0)","decl":{"start":{"line":7,"column":25},"end":{"line":7,"column":26}},"loc":{"start":{"line":7,"column":31},"end":{"line":40,"column":1}},"line":7},"1":{"name":"(anonymous_1)","decl":{"start":{"line":7,"column":31},"end":{"line":7,"column":32}},"loc":{"start":{"line":7,"column":55},"end":{"line":40,"column":1}},"line":7},"2":{"name":"(anonymous_2)","decl":{"start":{"line":21,"column":10},"end":{"line":21,"column":11}},"loc":{"start":{"line":21,"column":24},"end":{"line":31,"column":5}},"line":21},"3":{"name":"(anonymous_3)","decl":{"start":{"line":32,"column":10},"end":{"line":32,"column":11}},"loc":{"start":{"line":32,"column":20},"end":{"line":35,"column":5}},"line":32},"4":{"name":"(anonymous_4)","decl":{"start":{"line":36,"column":11},"end":{"line":36,"column":12}},"loc":{"start":{"line":36,"column":17},"end":{"line":39,"column":5}},"line":36}},"branchMap":{"0":{"loc":{"start":{"line":22,"column":6},"end":{"line":29,"column":7}},"type":"if","locations":[{"start":{"line":22,"column":6},"end":{"line":29,"column":7}},{"start":{"line":22,"column":6},"end":{"line":29,"column":7}}],"line":22}},"s":{"0":1,"1":0,"2":0,"3":0,"4":0,"5":0,"6":0,"7":0,"8":0,"9":0,"10":0,"11":0,"12":0,"13":0,"14":0,"15":0},"f":{"0":0,"1":0,"2":0,"3":0,"4":0},"b":{"0":[0,0]},"_coverageSchema":"1a1c01bbd47fc00a2c39e90264f33305004495a9","hash":"dfbe620a90170ad14e1fb9156fbd69bea2c08971"}
,"C:\\Users\\1\\Documents\\GitHub\\rs-react-2021_\\src\\redux\\actions\\thunk\\getDetailsInfo.js": {"path":"C:\\Users\\1\\Documents\\GitHub\\rs-react-2021_\\src\\redux\\actions\\thunk\\getDetailsInfo.js","statementMap":{"0":{"start":{"line":3,"column":23},"end":{"line":35,"column":1}},"1":{"start":{"line":3,"column":29},"end":{"line":35,"column":1}},"2":{"start":{"line":4,"column":2},"end":{"line":4,"column":35}},"3":{"start":{"line":5,"column":16},"end":{"line":5,"column":26}},"4":{"start":{"line":6,"column":24},"end":{"line":6,"column":29}},"5":{"start":{"line":7,"column":14},"end":{"line":7,"column":65}},"6":{"start":{"line":9,"column":2},"end":{"line":34,"column":7}},"7":{"start":{"line":17,"column":6},"end":{"line":24,"column":7}},"8":{"start":{"line":18,"column":8},"end":{"line":23,"column":10}},"9":{"start":{"line":25,"column":6},"end":{"line":25,"column":29}},"10":{"start":{"line":28,"column":6},"end":{"line":28,"column":45}},"11":{"start":{"line":29,"column":6},"end":{"line":29,"column":40}},"12":{"start":{"line":32,"column":6},"end":{"line":32,"column":40}},"13":{"start":{"line":33,"column":6},"end":{"line":33,"column":27}}},"fnMap":{"0":{"name":"(anonymous_0)","decl":{"start":{"line":3,"column":23},"end":{"line":3,"column":24}},"loc":{"start":{"line":3,"column":29},"end":{"line":35,"column":1}},"line":3},"1":{"name":"(anonymous_1)","decl":{"start":{"line":3,"column":29},"end":{"line":3,"column":30}},"loc":{"start":{"line":3,"column":53},"end":{"line":35,"column":1}},"line":3},"2":{"name":"(anonymous_2)","decl":{"start":{"line":16,"column":10},"end":{"line":16,"column":11}},"loc":{"start":{"line":16,"column":24},"end":{"line":26,"column":5}},"line":16},"3":{"name":"(anonymous_3)","decl":{"start":{"line":27,"column":10},"end":{"line":27,"column":11}},"loc":{"start":{"line":27,"column":20},"end":{"line":30,"column":5}},"line":27},"4":{"name":"(anonymous_4)","decl":{"start":{"line":31,"column":11},"end":{"line":31,"column":12}},"loc":{"start":{"line":31,"column":17},"end":{"line":34,"column":5}},"line":31}},"branchMap":{"0":{"loc":{"start":{"line":17,"column":6},"end":{"line":24,"column":7}},"type":"if","locations":[{"start":{"line":17,"column":6},"end":{"line":24,"column":7}},{"start":{"line":17,"column":6},"end":{"line":24,"column":7}}],"line":17}},"s":{"0":1,"1":0,"2":0,"3":0,"4":0,"5":0,"6":0,"7":0,"8":0,"9":0,"10":0,"11":0,"12":0,"13":0},"f":{"0":0,"1":0,"2":0,"3":0,"4":0},"b":{"0":[0,0]},"_coverageSchema":"1a1c01bbd47fc00a2c39e90264f33305004495a9","hash":"11f32c95f4f8265b532db9fa16704bd156c9065a"}
}
