TN:
SF:src\Components\Pages\HomePage\Components\SearchForm\SearchForm.js
FN:8,(anonymous_0)
FN:11,(anonymous_1)
FN:16,(anonymous_2)
FN:23,(anonymous_3)
FN:30,(anonymous_4)
FN:44,(anonymous_5)
FN:45,(anonymous_6)
FN:46,(anonymous_7)
FNF:8
FNH:2
FNDA:1,(anonymous_0)
FNDA:0,(anonymous_1)
FNDA:0,(anonymous_2)
FNDA:0,(anonymous_3)
FNDA:0,(anonymous_4)
FNDA:1,(anonymous_5)
FNDA:0,(anonymous_6)
FNDA:0,(anonymous_7)
DA:8,1
DA:9,1
DA:11,1
DA:12,0
DA:13,0
DA:16,1
DA:17,0
DA:18,0
DA:19,0
DA:22,1
DA:23,0
DA:30,0
DA:39,1
DA:44,1
DA:45,0
DA:46,0
LF:16
LH:7
BRF:0
BRH:0
end_of_record
TN:
SF:src\redux\reducer.js
FN:27,reducer
FNF:1
FNH:1
FNDA:1,reducer
DA:13,1
DA:28,1
DA:30,0
DA:32,0
DA:34,0
DA:36,0
DA:38,0
DA:40,0
DA:42,0
DA:44,0
DA:50,0
DA:56,1
LF:12
LH:3
BRDA:27,0,0,1
BRDA:28,1,0,0
BRDA:28,1,1,0
BRDA:28,1,2,0
BRDA:28,1,3,0
BRDA:28,1,4,0
BRDA:28,1,5,0
BRDA:28,1,6,0
BRDA:28,1,7,0
BRDA:28,1,8,0
BRDA:28,1,9,1
BRF:11
BRH:2
end_of_record
TN:
SF:src\redux\actions\actions.js
FN:13,setSearchText
FN:20,setCharactersData
FN:27,setCardPerPageValue
FN:34,setDetailsId
FN:41,setDetailsInfo
FN:48,setLoadingStatus
FN:55,setErrorStatus
FN:62,setSortType
FN:69,setNumberOfPage
FNF:9
FNH:0
FNDA:0,setSearchText
FNDA:0,setCharactersData
FNDA:0,setCardPerPageValue
FNDA:0,setDetailsId
FNDA:0,setDetailsInfo
FNDA:0,setLoadingStatus
FNDA:0,setErrorStatus
FNDA:0,setSortType
FNDA:0,setNumberOfPage
DA:14,0
DA:21,0
DA:28,0
DA:35,0
DA:42,0
DA:49,0
DA:56,0
DA:63,0
DA:70,0
LF:9
LH:0
BRF:0
BRH:0
end_of_record
TN:
SF:src\redux\actions\actionsTypes.js
FNF:0
FNH:0
DA:1,1
DA:2,1
DA:3,1
DA:4,1
DA:5,1
DA:6,1
DA:7,1
DA:8,1
DA:9,1
LF:9
LH:9
BRF:0
BRH:0
end_of_record
TN:
SF:src\redux\actions\thunk\getAllCharacters.js
FN:7,(anonymous_0)
FN:7,(anonymous_1)
FN:21,(anonymous_2)
FN:32,(anonymous_3)
FN:36,(anonymous_4)
FNF:5
FNH:0
FNDA:0,(anonymous_0)
FNDA:0,(anonymous_1)
FNDA:0,(anonymous_2)
FNDA:0,(anonymous_3)
FNDA:0,(anonymous_4)
DA:7,1
DA:8,0
DA:9,0
DA:10,0
DA:11,0
DA:12,0
DA:13,0
DA:14,0
DA:22,0
DA:23,0
DA:30,0
DA:33,0
DA:34,0
DA:37,0
DA:38,0
LF:15
LH:1
BRDA:22,0,0,0
BRDA:22,0,1,0
BRF:2
BRH:0
end_of_record
